Arguments: 
  /usr/local/Cellar/node/9.3.0_1/bin/node /usr/local/bin/yarn install

PATH: 
  /Users/andeladeveloper/.rvm/gems/ruby-2.4.2/bin:/Users/andeladeveloper/.rvm/gems/ruby-2.4.2@global/bin:/Users/andeladeveloper/.rvm/rubies/ruby-2.4.2/bin:/usr/local/bin:/usr/bin:/bin:/usr/sbin:/sbin:/Users/andeladeveloper/.rvm/gems/ruby-2.4.2/bin:/Users/andeladeveloper/.rvm/gems/ruby-2.4.2@global/bin:/Users/andeladeveloper/.rvm/rubies/ruby-2.4.2/bin:/Users/andeladeveloper/.rvm/bin

Yarn version: 
  1.6.0

Node version: 
  9.3.0

Platform: 
  darwin x64

Trace: 
  SyntaxError: /Users/andeladeveloper/Downloads/quizApp/package.json: Unexpected token } in JSON at position 399
      at JSON.parse (<anonymous>)
      at /usr/local/lib/node_modules/yarn/lib/cli.js:1130:59
      at Generator.next (<anonymous>)
      at step (/usr/local/lib/node_modules/yarn/lib/cli.js:98:30)
      at /usr/local/lib/node_modules/yarn/lib/cli.js:109:13
      at <anonymous>

npm manifest: 
  {
    "name": "quizapp",
    "version": "1.0.0",
    "description": "A console app that allows user to take any type of quiz",
    "main": "entry.js",
    "scripts": {
      "test": "echo \"Error: no test specified\" && exit 1"
    },
    "repository": {
      "type": "git",
      "url": "github.com/Temmyogunbo/quizApp"
    },
    "author": "Temmyogunbo",
    "license": "ISC",
    "dependencies": {
      "chalk": "^1.1.3",
    }
  }

yarn manifest: 
  No manifest

Lockfile: 
  No lockfile
